<?xml version="1.0" encoding="UTF-8"?>
<testng-results skipped="0" failed="0" ignored="0" total="1" passed="1">
  <reporter-output>
  </reporter-output>
  <suite name="Default suite" duration-ms="28136" started-at="2019-02-27T07:18:34Z" finished-at="2019-02-27T07:19:03Z">
    <groups>
    </groups>
    <test name="Default test" duration-ms="28136" started-at="2019-02-27T07:18:34Z" finished-at="2019-02-27T07:19:03Z">
      <class name="PC_paytest.PC_Credit_card.AppTest">
        <test-method status="PASS" signature="setup()[pri:0, instance:PC_paytest.PC_Credit_card.AppTest@464bee09]" name="setup" is-config="true" duration-ms="9830" started-at="2019-02-27T07:18:34Z" finished-at="2019-02-27T07:18:44Z">
          <reporter-output>
          </reporter-output>
        </test-method> <!-- setup -->
        <test-method status="PASS" signature="test()[pri:0, instance:PC_paytest.PC_Credit_card.AppTest@464bee09]" name="test" duration-ms="18265" started-at="2019-02-27T07:18:44Z" finished-at="2019-02-27T07:19:03Z">
          <reporter-output>
          </reporter-output>
        </test-method> <!-- test -->
      </class> <!-- PC_paytest.PC_Credit_card.AppTest -->
    </test> <!-- Default test -->
  </suite> <!-- Default suite -->
</testng-results>
